<?xml version="1.0" encoding="UTF-8"?>
<testsuite name="com.group.libraryapp.calculator.CalcTest" tests="1" skipped="0" failures="0" errors="0" timestamp="2024-08-21T11:47:04" hostname="DESKTOP-LICRKDR" time="0.054">
  <properties/>
  <testcase name="addTest()" classname="com.group.libraryapp.calculator.CalcTest" time="0.054"/>
  <system-out><![CDATA[]]></system-out>
  <system-err><![CDATA[]]></system-err>
</testsuite>
