<?xml version="1.0" encoding="UTF-8"?>
<testsuite name="com.group.libraryapp.service.user.UserServiceTest" tests="6" skipped="0" failures="0" errors="0" timestamp="2024-08-21T11:47:05" hostname="DESKTOP-LICRKDR" time="0.111">
  <properties/>
  <testcase name="대출기록많은사람응답()" classname="com.group.libraryapp.service.user.UserServiceTest" time="0.034"/>
  <testcase name="유저삭제()" classname="com.group.libraryapp.service.user.UserServiceTest" time="0.013"/>
  <testcase name="유저수정()" classname="com.group.libraryapp.service.user.UserServiceTest" time="0.019"/>
  <testcase name="유저저장" classname="com.group.libraryapp.service.user.UserServiceTest" time="0.011"/>
  <testcase name="유저조회()" classname="com.group.libraryapp.service.user.UserServiceTest" time="0.016"/>
  <testcase name="대출기록없는사람응답포함()" classname="com.group.libraryapp.service.user.UserServiceTest" time="0.01"/>
  <system-out><![CDATA[2024-08-21 20:47:05.256  INFO 31108 --- [    Test worker] .b.t.c.SpringBootTestContextBootstrapper : Neither @ContextConfiguration nor @ContextHierarchy found for test class [com.group.libraryapp.service.user.UserServiceTest], using SpringBootContextLoader
2024-08-21 20:47:05.257  INFO 31108 --- [    Test worker] o.s.t.c.support.AbstractContextLoader    : Could not detect default resource locations for test class [com.group.libraryapp.service.user.UserServiceTest]: no resource found for suffixes {-context.xml, Context.groovy}.
2024-08-21 20:47:05.258  INFO 31108 --- [    Test worker] t.c.s.AnnotationConfigContextLoaderUtils : Could not detect default configuration classes for test class [com.group.libraryapp.service.user.UserServiceTest]: UserServiceTest does not declare any static, non-private, non-final, nested classes annotated with @Configuration.
2024-08-21 20:47:05.262  INFO 31108 --- [    Test worker] .b.t.c.SpringBootTestContextBootstrapper : Found @SpringBootConfiguration com.group.libraryapp.LibraryAppApplication for test class com.group.libraryapp.service.user.UserServiceTest
2024-08-21 20:47:05.264  INFO 31108 --- [    Test worker] .b.t.c.SpringBootTestContextBootstrapper : Loaded default TestExecutionListener class names from location [META-INF/spring.factories]: [org.springframework.boot.test.autoconfigure.restdocs.RestDocsTestExecutionListener, org.springframework.boot.test.autoconfigure.web.client.MockRestServiceServerResetTestExecutionListener, org.springframework.boot.test.autoconfigure.web.servlet.MockMvcPrintOnlyOnFailureTestExecutionListener, org.springframework.boot.test.autoconfigure.web.servlet.WebDriverTestExecutionListener, org.springframework.boot.test.autoconfigure.webservices.client.MockWebServiceServerTestExecutionListener, org.springframework.boot.test.mock.mockito.MockitoTestExecutionListener, org.springframework.boot.test.mock.mockito.ResetMocksTestExecutionListener, org.springframework.test.context.web.ServletTestExecutionListener, org.springframework.test.context.support.DirtiesContextBeforeModesTestExecutionListener, org.springframework.test.context.event.ApplicationEventsTestExecutionListener, org.springframework.test.context.support.DependencyInjectionTestExecutionListener, org.springframework.test.context.support.DirtiesContextTestExecutionListener, org.springframework.test.context.transaction.TransactionalTestExecutionListener, org.springframework.test.context.jdbc.SqlScriptsTestExecutionListener, org.springframework.test.context.event.EventPublishingTestExecutionListener]
2024-08-21 20:47:05.264  INFO 31108 --- [    Test worker] .b.t.c.SpringBootTestContextBootstrapper : Using TestExecutionListeners: [org.springframework.test.context.web.ServletTestExecutionListener@6e5106fc, org.springframework.test.context.support.DirtiesContextBeforeModesTestExecutionListener@70199db0, org.springframework.test.context.event.ApplicationEventsTestExecutionListener@274b0c2a, org.springframework.boot.test.mock.mockito.MockitoTestExecutionListener@721f3526, org.springframework.boot.test.autoconfigure.SpringBootDependencyInjectionTestExecutionListener@149fab7f, org.springframework.test.context.support.DirtiesContextTestExecutionListener@28d74041, org.springframework.test.context.transaction.TransactionalTestExecutionListener@5702232d, org.springframework.test.context.jdbc.SqlScriptsTestExecutionListener@5cbf9aee, org.springframework.test.context.event.EventPublishingTestExecutionListener@35920655, org.springframework.boot.test.autoconfigure.restdocs.RestDocsTestExecutionListener@27558dee, org.springframework.boot.test.autoconfigure.web.client.MockRestServiceServerResetTestExecutionListener@6108c962, org.springframework.boot.test.autoconfigure.web.servlet.MockMvcPrintOnlyOnFailureTestExecutionListener@41c05747, org.springframework.boot.test.autoconfigure.web.servlet.WebDriverTestExecutionListener@64455184, org.springframework.boot.test.autoconfigure.webservices.client.MockWebServiceServerTestExecutionListener@6f749a1f, org.springframework.boot.test.mock.mockito.ResetMocksTestExecutionListener@48900d4a]
Hibernate: 
    insert 
    into
        user
        (id, age, name) 
    values
        (default, ?, ?)
Hibernate: 
    insert 
    into
        user_loan_history
        (id, book_name, status, user_id) 
    values
        (default, ?, ?, ?)
Hibernate: 
    insert 
    into
        user_loan_history
        (id, book_name, status, user_id) 
    values
        (default, ?, ?, ?)
Hibernate: 
    insert 
    into
        user_loan_history
        (id, book_name, status, user_id) 
    values
        (default, ?, ?, ?)
Hibernate: 
    select
        distinct user0_.id as id1_1_0_,
        userloanhi1_.id as id1_2_1_,
        user0_.age as age2_1_0_,
        user0_.name as name3_1_0_,
        userloanhi1_.book_name as book_nam2_2_1_,
        userloanhi1_.status as status3_2_1_,
        userloanhi1_.user_id as user_id4_2_1_,
        userloanhi1_.user_id as user_id4_2_0__,
        userloanhi1_.id as id1_2_0__ 
    from
        user user0_ 
    left outer join
        user_loan_history userloanhi1_ 
            on user0_.id=userloanhi1_.user_id
Hibernate: 
    select
        user0_.id as id1_1_,
        user0_.age as age2_1_,
        user0_.name as name3_1_ 
    from
        user user0_
Hibernate: 
    select
        userloanhi0_.user_id as user_id4_2_0_,
        userloanhi0_.id as id1_2_0_,
        userloanhi0_.id as id1_2_1_,
        userloanhi0_.book_name as book_nam2_2_1_,
        userloanhi0_.status as status3_2_1_,
        userloanhi0_.user_id as user_id4_2_1_ 
    from
        user_loan_history userloanhi0_ 
    where
        userloanhi0_.user_id=?
Hibernate: 
    delete 
    from
        user_loan_history 
    where
        id=?
Hibernate: 
    delete 
    from
        user_loan_history 
    where
        id=?
Hibernate: 
    delete 
    from
        user_loan_history 
    where
        id=?
Hibernate: 
    delete 
    from
        user 
    where
        id=?
Hibernate: 
    insert 
    into
        user
        (id, age, name) 
    values
        (default, ?, ?)
Hibernate: 
    select
        user0_.id as id1_1_,
        user0_.age as age2_1_,
        user0_.name as name3_1_ 
    from
        user user0_ 
    where
        user0_.name=?
Hibernate: 
    select
        userloanhi0_.user_id as user_id4_2_0_,
        userloanhi0_.id as id1_2_0_,
        userloanhi0_.id as id1_2_1_,
        userloanhi0_.book_name as book_nam2_2_1_,
        userloanhi0_.status as status3_2_1_,
        userloanhi0_.user_id as user_id4_2_1_ 
    from
        user_loan_history userloanhi0_ 
    where
        userloanhi0_.user_id=?
Hibernate: 
    delete 
    from
        user 
    where
        id=?
Hibernate: 
    select
        user0_.id as id1_1_,
        user0_.age as age2_1_,
        user0_.name as name3_1_ 
    from
        user user0_
Hibernate: 
    select
        user0_.id as id1_1_,
        user0_.age as age2_1_,
        user0_.name as name3_1_ 
    from
        user user0_
Hibernate: 
    insert 
    into
        user
        (id, age, name) 
    values
        (default, ?, ?)
Hibernate: 
    select
        user0_.id as id1_1_0_,
        user0_.age as age2_1_0_,
        user0_.name as name3_1_0_ 
    from
        user user0_ 
    where
        user0_.id=?
Hibernate: 
    update
        user 
    set
        age=?,
        name=? 
    where
        id=?
Hibernate: 
    select
        user0_.id as id1_1_,
        user0_.age as age2_1_,
        user0_.name as name3_1_ 
    from
        user user0_
Hibernate: 
    select
        user0_.id as id1_1_,
        user0_.age as age2_1_,
        user0_.name as name3_1_ 
    from
        user user0_
Hibernate: 
    select
        userloanhi0_.user_id as user_id4_2_0_,
        userloanhi0_.id as id1_2_0_,
        userloanhi0_.id as id1_2_1_,
        userloanhi0_.book_name as book_nam2_2_1_,
        userloanhi0_.status as status3_2_1_,
        userloanhi0_.user_id as user_id4_2_1_ 
    from
        user_loan_history userloanhi0_ 
    where
        userloanhi0_.user_id=?
Hibernate: 
    delete 
    from
        user 
    where
        id=?
Hibernate: 
    insert 
    into
        user
        (id, age, name) 
    values
        (default, ?, ?)
Hibernate: 
    select
        user0_.id as id1_1_,
        user0_.age as age2_1_,
        user0_.name as name3_1_ 
    from
        user user0_
Hibernate: 
    select
        user0_.id as id1_1_,
        user0_.age as age2_1_,
        user0_.name as name3_1_ 
    from
        user user0_
Hibernate: 
    select
        userloanhi0_.user_id as user_id4_2_0_,
        userloanhi0_.id as id1_2_0_,
        userloanhi0_.id as id1_2_1_,
        userloanhi0_.book_name as book_nam2_2_1_,
        userloanhi0_.status as status3_2_1_,
        userloanhi0_.user_id as user_id4_2_1_ 
    from
        user_loan_history userloanhi0_ 
    where
        userloanhi0_.user_id=?
Hibernate: 
    delete 
    from
        user 
    where
        id=?
Hibernate: 
    insert 
    into
        user
        (id, age, name) 
    values
        (default, ?, ?)
Hibernate: 
    insert 
    into
        user
        (id, age, name) 
    values
        (default, ?, ?)
Hibernate: 
    insert 
    into
        user
        (id, age, name) 
    values
        (default, ?, ?)
Hibernate: 
    select
        user0_.id as id1_1_,
        user0_.age as age2_1_,
        user0_.name as name3_1_ 
    from
        user user0_
Hibernate: 
    select
        user0_.id as id1_1_,
        user0_.age as age2_1_,
        user0_.name as name3_1_ 
    from
        user user0_
Hibernate: 
    select
        userloanhi0_.user_id as user_id4_2_0_,
        userloanhi0_.id as id1_2_0_,
        userloanhi0_.id as id1_2_1_,
        userloanhi0_.book_name as book_nam2_2_1_,
        userloanhi0_.status as status3_2_1_,
        userloanhi0_.user_id as user_id4_2_1_ 
    from
        user_loan_history userloanhi0_ 
    where
        userloanhi0_.user_id=?
Hibernate: 
    select
        userloanhi0_.user_id as user_id4_2_0_,
        userloanhi0_.id as id1_2_0_,
        userloanhi0_.id as id1_2_1_,
        userloanhi0_.book_name as book_nam2_2_1_,
        userloanhi0_.status as status3_2_1_,
        userloanhi0_.user_id as user_id4_2_1_ 
    from
        user_loan_history userloanhi0_ 
    where
        userloanhi0_.user_id=?
Hibernate: 
    select
        userloanhi0_.user_id as user_id4_2_0_,
        userloanhi0_.id as id1_2_0_,
        userloanhi0_.id as id1_2_1_,
        userloanhi0_.book_name as book_nam2_2_1_,
        userloanhi0_.status as status3_2_1_,
        userloanhi0_.user_id as user_id4_2_1_ 
    from
        user_loan_history userloanhi0_ 
    where
        userloanhi0_.user_id=?
Hibernate: 
    delete 
    from
        user 
    where
        id=?
Hibernate: 
    delete 
    from
        user 
    where
        id=?
Hibernate: 
    delete 
    from
        user 
    where
        id=?
Hibernate: 
    insert 
    into
        user
        (id, age, name) 
    values
        (default, ?, ?)
Hibernate: 
    select
        distinct user0_.id as id1_1_0_,
        userloanhi1_.id as id1_2_1_,
        user0_.age as age2_1_0_,
        user0_.name as name3_1_0_,
        userloanhi1_.book_name as book_nam2_2_1_,
        userloanhi1_.status as status3_2_1_,
        userloanhi1_.user_id as user_id4_2_1_,
        userloanhi1_.user_id as user_id4_2_0__,
        userloanhi1_.id as id1_2_0__ 
    from
        user user0_ 
    left outer join
        user_loan_history userloanhi1_ 
            on user0_.id=userloanhi1_.user_id
Hibernate: 
    select
        user0_.id as id1_1_,
        user0_.age as age2_1_,
        user0_.name as name3_1_ 
    from
        user user0_
Hibernate: 
    select
        userloanhi0_.user_id as user_id4_2_0_,
        userloanhi0_.id as id1_2_0_,
        userloanhi0_.id as id1_2_1_,
        userloanhi0_.book_name as book_nam2_2_1_,
        userloanhi0_.status as status3_2_1_,
        userloanhi0_.user_id as user_id4_2_1_ 
    from
        user_loan_history userloanhi0_ 
    where
        userloanhi0_.user_id=?
Hibernate: 
    delete 
    from
        user 
    where
        id=?
]]></system-out>
  <system-err><![CDATA[]]></system-err>
</testsuite>
